[INFO] Scanning for projects...
[INFO] 
[INFO] ------------------< com.aicareer:ai-career-platform >-------------------
[INFO] Building AI Career Platform 1.0.0
[INFO]   from pom.xml
[INFO] --------------------------------[ jar ]---------------------------------
[INFO] 
[INFO] >>> spring-boot:3.2.3:run (default-cli) > test-compile @ ai-career-platform >>>
[INFO] 
[INFO] --- resources:3.3.1:resources (default-resources) @ ai-career-platform ---
[INFO] Copying 2 resources from src\main\resources to target\classes
[INFO] Copying 2 resources from src\main\resources to target\classes
[INFO] 
[INFO] --- compiler:3.11.0:compile (default-compile) @ ai-career-platform ---
[INFO] Nothing to compile - all classes are up to date
[INFO] 
[INFO] --- resources:3.3.1:testResources (default-testResources) @ ai-career-platform ---
[INFO] skip non existing resourceDirectory C:\Users\Muniyappan R\Downloads\Resume-Ultimate\backend\src\test\resources
[INFO] 
[INFO] --- compiler:3.11.0:testCompile (default-testCompile) @ ai-career-platform ---
[INFO] No sources to compile
[INFO] 
[INFO] <<< spring-boot:3.2.3:run (default-cli) < test-compile @ ai-career-platform <<<
[INFO] 
[INFO] 
[INFO] --- spring-boot:3.2.3:run (default-cli) @ ai-career-platform ---
[INFO] Attaching agents: []

  .   ____          _            __ _ _
 /\\ / ___'_ __ _ _(_)_ __  __ _ \ \ \ \
( ( )\___ | '_ | '_| | '_ \/ _` | \ \ \ \
 \\/  ___)| |_)| | | | | || (_| |  ) ) ) )
  '  |____| .__|_| |_|_| |_\__, | / / / /
 =========|_|==============|___/=/_/_/_/
 :: Spring Boot ::                (v3.2.3)

2026-03-07T20:36:43.658+05:30  INFO 7980 --- [ai-career-platform] [           main] com.aicareer.AiCareerApplication         : Starting AiCareerApplication using Java 21.0.10 with PID 7980 (C:\Users\Muniyappan R\Downloads\Resume-Ultimate\backend\target\classes started by Muniyappan R in C:\Users\Muniyappan R\Downloads\Resume-Ultimate\backend)
2026-03-07T20:36:43.661+05:30 DEBUG 7980 --- [ai-career-platform] [           main] com.aicareer.AiCareerApplication         : Running with Spring Boot v3.2.3, Spring v6.1.4
2026-03-07T20:36:43.662+05:30  INFO 7980 --- [ai-career-platform] [           main] com.aicareer.AiCareerApplication         : No active profile set, falling back to 1 default profile: "default"
2026-03-07T20:36:47.561+05:30  INFO 7980 --- [ai-career-platform] [           main] .s.d.r.c.RepositoryConfigurationDelegate : Bootstrapping Spring Data JPA repositories in DEFAULT mode.
2026-03-07T20:36:47.774+05:30  INFO 7980 --- [ai-career-platform] [           main] .s.d.r.c.RepositoryConfigurationDelegate : Finished Spring Data repository scanning in 198 ms. Found 10 JPA repository interfaces.
2026-03-07T20:36:49.192+05:30  INFO 7980 --- [ai-career-platform] [           main] o.s.b.w.embedded.tomcat.TomcatWebServer  : Tomcat initialized with port 8080 (http)
2026-03-07T20:36:49.210+05:30  INFO 7980 --- [ai-career-platform] [           main] o.apache.catalina.core.StandardService   : Starting service [Tomcat]
2026-03-07T20:36:49.211+05:30  INFO 7980 --- [ai-career-platform] [           main] o.apache.catalina.core.StandardEngine    : Starting Servlet engine: [Apache Tomcat/10.1.19]
2026-03-07T20:36:49.355+05:30  INFO 7980 --- [ai-career-platform] [           main] o.a.c.c.C.[Tomcat].[localhost].[/]       : Initializing Spring embedded WebApplicationContext
2026-03-07T20:36:49.356+05:30  INFO 7980 --- [ai-career-platform] [           main] w.s.c.ServletWebServerApplicationContext : Root WebApplicationContext: initialization completed in 5582 ms
2026-03-07T20:36:49.740+05:30  INFO 7980 --- [ai-career-platform] [           main] com.zaxxer.hikari.HikariDataSource       : HikariPool-1 - Starting...
2026-03-07T20:36:50.032+05:30  INFO 7980 --- [ai-career-platform] [           main] com.zaxxer.hikari.pool.HikariPool        : HikariPool-1 - Added connection org.postgresql.jdbc.PgConnection@a95cb11
2026-03-07T20:36:50.034+05:30  INFO 7980 --- [ai-career-platform] [           main] com.zaxxer.hikari.HikariDataSource       : HikariPool-1 - Start completed.
2026-03-07T20:36:50.140+05:30  INFO 7980 --- [ai-career-platform] [           main] o.f.c.internal.license.VersionPrinter    : Flyway Community Edition 9.22.3 by Redgate
2026-03-07T20:36:50.140+05:30  INFO 7980 --- [ai-career-platform] [           main] o.f.c.internal.license.VersionPrinter    : See release notes here: https://rd.gt/416ObMi
2026-03-07T20:36:50.140+05:30  INFO 7980 --- [ai-career-platform] [           main] o.f.c.internal.license.VersionPrinter    : 
2026-03-07T20:36:50.163+05:30  INFO 7980 --- [ai-career-platform] [           main] org.flywaydb.core.FlywayExecutor         : Database: jdbc:postgresql://localhost:5432/ai_career_platform (PostgreSQL 18.3)
2026-03-07T20:36:50.175+05:30  WARN 7980 --- [ai-career-platform] [           main] o.f.c.internal.database.base.Database    : Flyway upgrade recommended: PostgreSQL 18.3 is newer than this version of Flyway and support has not been tested. The latest supported version of PostgreSQL is 15.
2026-03-07T20:36:50.237+05:30  INFO 7980 --- [ai-career-platform] [           main] o.f.core.internal.command.DbValidate     : Successfully validated 2 migrations (execution time 00:00.044s)
2026-03-07T20:36:50.254+05:30  INFO 7980 --- [ai-career-platform] [           main] o.f.core.internal.command.DbMigrate      : Current version of schema "public": 2
2026-03-07T20:36:50.258+05:30  INFO 7980 --- [ai-career-platform] [           main] o.f.core.internal.command.DbMigrate      : Schema "public" is up to date. No migration necessary.
2026-03-07T20:36:50.460+05:30  INFO 7980 --- [ai-career-platform] [           main] o.hibernate.jpa.internal.util.LogHelper  : HHH000204: Processing PersistenceUnitInfo [name: default]
2026-03-07T20:36:50.576+05:30  INFO 7980 --- [ai-career-platform] [           main] org.hibernate.Version                    : HHH000412: Hibernate ORM core version 6.4.4.Final
2026-03-07T20:36:50.653+05:30  INFO 7980 --- [ai-career-platform] [           main] o.h.c.internal.RegionFactoryInitiator    : HHH000026: Second-level cache disabled
2026-03-07T20:36:51.103+05:30  INFO 7980 --- [ai-career-platform] [           main] o.s.o.j.p.SpringPersistenceUnitInfo      : No LoadTimeWeaver setup: ignoring JPA class transformer
2026-03-07T20:36:51.199+05:30  WARN 7980 --- [ai-career-platform] [           main] org.hibernate.orm.deprecation            : HHH90000025: PostgreSQLDialect does not need to be specified explicitly using 'hibernate.dialect' (remove the property setting and it will be selected by default)
2026-03-07T20:36:53.658+05:30  INFO 7980 --- [ai-career-platform] [           main] o.h.e.t.j.p.i.JtaPlatformInitiator       : HHH000489: No JTA platform available (set 'hibernate.transaction.jta.platform' to enable JTA platform integration)
2026-03-07T20:36:53.665+05:30  INFO 7980 --- [ai-career-platform] [           main] j.LocalContainerEntityManagerFactoryBean : Initialized JPA EntityManagerFactory for persistence unit 'default'
2026-03-07T20:36:54.530+05:30 DEBUG 7980 --- [ai-career-platform] [           main] com.aicareer.security.JwtAuthFilter      : Filter 'jwtAuthFilter' configured for use
2026-03-07T20:36:54.705+05:30  INFO 7980 --- [ai-career-platform] [           main] o.s.d.j.r.query.QueryEnhancerFactory     : Hibernate is in classpath; If applicable, HQL parser will be used.
2026-03-07T20:36:58.478+05:30  WARN 7980 --- [ai-career-platform] [           main] JpaBaseConfiguration$JpaWebConfiguration : spring.jpa.open-in-view is enabled by default. Therefore, database queries may be performed during view rendering. Explicitly configure spring.jpa.open-in-view to disable this warning
2026-03-07T20:36:59.096+05:30  INFO 7980 --- [ai-career-platform] [           main] o.s.b.a.e.web.EndpointLinksResolver      : Exposing 3 endpoint(s) beneath base path '/actuator'
2026-03-07T20:36:59.321+05:30  INFO 7980 --- [ai-career-platform] [           main] o.s.s.web.DefaultSecurityFilterChain     : Will secure any request with [org.springframework.security.web.session.DisableEncodeUrlFilter@296b208a, org.springframework.security.web.context.request.async.WebAsyncManagerIntegrationFilter@53e6f464, org.springframework.security.web.context.SecurityContextHolderFilter@7488a9ac, org.springframework.security.web.header.HeaderWriterFilter@18a63d08, org.springframework.web.filter.CorsFilter@d574ae2, org.springframework.security.web.authentication.logout.LogoutFilter@30ef7d06, org.springframework.security.oauth2.client.web.OAuth2AuthorizationRequestRedirectFilter@62e53557, org.springframework.security.oauth2.client.web.OAuth2LoginAuthenticationFilter@12f40682, com.aicareer.security.JwtAuthFilter@650929dc, org.springframework.security.web.savedrequest.RequestCacheAwareFilter@1bf1f019, org.springframework.security.web.servletapi.SecurityContextHolderAwareRequestFilter@12188a8d, org.springframework.security.web.authentication.AnonymousAuthenticationFilter@7d03ce92, org.springframework.security.web.session.SessionManagementFilter@160a3238, org.springframework.security.web.access.ExceptionTranslationFilter@21219074, org.springframework.security.web.access.intercept.AuthorizationFilter@77228300]
2026-03-07T20:37:00.080+05:30  WARN 7980 --- [ai-career-platform] [           main] ConfigServletWebServerApplicationContext : Exception encountered during context initialization - cancelling refresh attempt: org.springframework.context.ApplicationContextException: Failed to start bean 'webServerStartStop'
2026-03-07T20:37:00.084+05:30  INFO 7980 --- [ai-career-platform] [           main] j.LocalContainerEntityManagerFactoryBean : Closing JPA EntityManagerFactory for persistence unit 'default'
2026-03-07T20:37:00.087+05:30  INFO 7980 --- [ai-career-platform] [           main] com.zaxxer.hikari.HikariDataSource       : HikariPool-1 - Shutdown initiated...
2026-03-07T20:37:00.092+05:30  INFO 7980 --- [ai-career-platform] [           main] com.zaxxer.hikari.HikariDataSource       : HikariPool-1 - Shutdown completed.
2026-03-07T20:37:00.110+05:30  INFO 7980 --- [ai-career-platform] [           main] .s.b.a.l.ConditionEvaluationReportLogger : 

Error starting ApplicationContext. To display the condition evaluation report re-run your application with 'debug' enabled.
2026-03-07T20:37:00.132+05:30 ERROR 7980 --- [ai-career-platform] [           main] o.s.b.d.LoggingFailureAnalysisReporter   : 

***************************
APPLICATION FAILED TO START
***************************

Description:

Web server failed to start. Port 8080 was already in use.

Action:

Identify and stop the process that's listening on port 8080 or configure this application to listen on another port.

[INFO] ------------------------------------------------------------------------
[INFO] BUILD FAILURE
[INFO] ------------------------------------------------------------------------
[INFO] Total time:  29.969 s
[INFO] Finished at: 2026-03-07T20:37:00+05:30
[INFO] ------------------------------------------------------------------------
[ERROR] Failed to execute goal org.springframework.boot:spring-boot-maven-plugin:3.2.3:run (default-cli) on project ai-career-platform: Process terminated with exit code: 1 -> [Help 1]
[ERROR] 
[ERROR] To see the full stack trace of the errors, re-run Maven with the -e switch.
[ERROR] Re-run Maven using the -X switch to enable full debug logging.
[ERROR] 
[ERROR] For more information about the errors and possible solutions, please read the following articles:
[ERROR] [Help 1] http://cwiki.apache.org/confluence/display/MAVEN/MojoExecutionException
