[INFO] Scanning for projects...
[INFO] 
[INFO] ------------------< com.aicareer:ai-career-platform >-------------------
[INFO] Building AI Career Platform 1.0.0
[INFO]   from pom.xml
[INFO] --------------------------------[ jar ]---------------------------------
[INFO] 
[INFO] --- clean:3.3.2:clean (default-clean) @ ai-career-platform ---
[INFO] Deleting C:\Users\Muniyappan R\Downloads\Resume-Ultimate\backend\target
[INFO] 
[INFO] >>> spring-boot:3.2.3:run (default-cli) > test-compile @ ai-career-platform >>>
[INFO] 
[INFO] --- resources:3.3.1:resources (default-resources) @ ai-career-platform ---
[INFO] Copying 2 resources from src\main\resources to target\classes
[INFO] Copying 2 resources from src\main\resources to target\classes
[INFO] 
[INFO] --- compiler:3.11.0:compile (default-compile) @ ai-career-platform ---
[INFO] Changes detected - recompiling the module! :source
[INFO] Compiling 57 source files with javac [forked debug release 21] to target\classes
[INFO] 
[INFO] --- resources:3.3.1:testResources (default-testResources) @ ai-career-platform ---
[INFO] skip non existing resourceDirectory C:\Users\Muniyappan R\Downloads\Resume-Ultimate\backend\src\test\resources
[INFO] 
[INFO] --- compiler:3.11.0:testCompile (default-testCompile) @ ai-career-platform ---
[INFO] No sources to compile
[INFO] 
[INFO] <<< spring-boot:3.2.3:run (default-cli) < test-compile @ ai-career-platform <<<
[INFO] 
[INFO] 
[INFO] --- spring-boot:3.2.3:run (default-cli) @ ai-career-platform ---
[INFO] Attaching agents: []

  .   ____          _            __ _ _
 /\\ / ___'_ __ _ _(_)_ __  __ _ \ \ \ \
( ( )\___ | '_ | '_| | '_ \/ _` | \ \ \ \
 \\/  ___)| |_)| | | | | || (_| |  ) ) ) )
  '  |____| .__|_| |_|_| |_\__, | / / / /
 =========|_|==============|___/=/_/_/_/
 :: Spring Boot ::                (v3.2.3)

2026-03-07T22:23:02.835+05:30  INFO 21248 --- [ai-career-platform] [           main] com.aicareer.AiCareerApplication         : Starting AiCareerApplication using Java 21.0.10 with PID 21248 (C:\Users\Muniyappan R\Downloads\Resume-Ultimate\backend\target\classes started by Muniyappan R in C:\Users\Muniyappan R\Downloads\Resume-Ultimate\backend)
2026-03-07T22:23:02.836+05:30 DEBUG 21248 --- [ai-career-platform] [           main] com.aicareer.AiCareerApplication         : Running with Spring Boot v3.2.3, Spring v6.1.4
2026-03-07T22:23:02.838+05:30  INFO 21248 --- [ai-career-platform] [           main] com.aicareer.AiCareerApplication         : No active profile set, falling back to 1 default profile: "default"
2026-03-07T22:23:03.540+05:30  INFO 21248 --- [ai-career-platform] [           main] .s.d.r.c.RepositoryConfigurationDelegate : Bootstrapping Spring Data JPA repositories in DEFAULT mode.
2026-03-07T22:23:03.595+05:30  INFO 21248 --- [ai-career-platform] [           main] .s.d.r.c.RepositoryConfigurationDelegate : Finished Spring Data repository scanning in 48 ms. Found 10 JPA repository interfaces.
2026-03-07T22:23:04.174+05:30  INFO 21248 --- [ai-career-platform] [           main] o.s.b.w.embedded.tomcat.TomcatWebServer  : Tomcat initialized with port 8080 (http)
2026-03-07T22:23:04.184+05:30  INFO 21248 --- [ai-career-platform] [           main] o.apache.catalina.core.StandardService   : Starting service [Tomcat]
2026-03-07T22:23:04.185+05:30  INFO 21248 --- [ai-career-platform] [           main] o.apache.catalina.core.StandardEngine    : Starting Servlet engine: [Apache Tomcat/10.1.19]
2026-03-07T22:23:04.260+05:30  INFO 21248 --- [ai-career-platform] [           main] o.a.c.c.C.[Tomcat].[localhost].[/]       : Initializing Spring embedded WebApplicationContext
2026-03-07T22:23:04.260+05:30  INFO 21248 --- [ai-career-platform] [           main] w.s.c.ServletWebServerApplicationContext : Root WebApplicationContext: initialization completed in 1387 ms
2026-03-07T22:23:04.450+05:30  INFO 21248 --- [ai-career-platform] [           main] com.zaxxer.hikari.HikariDataSource       : HikariPool-1 - Starting...
2026-03-07T22:23:04.584+05:30  INFO 21248 --- [ai-career-platform] [           main] com.zaxxer.hikari.pool.HikariPool        : HikariPool-1 - Added connection org.postgresql.jdbc.PgConnection@30af23fd
2026-03-07T22:23:04.586+05:30  INFO 21248 --- [ai-career-platform] [           main] com.zaxxer.hikari.HikariDataSource       : HikariPool-1 - Start completed.
2026-03-07T22:23:04.633+05:30  INFO 21248 --- [ai-career-platform] [           main] o.f.c.internal.license.VersionPrinter    : Flyway Community Edition 9.22.3 by Redgate
2026-03-07T22:23:04.633+05:30  INFO 21248 --- [ai-career-platform] [           main] o.f.c.internal.license.VersionPrinter    : See release notes here: https://rd.gt/416ObMi
2026-03-07T22:23:04.633+05:30  INFO 21248 --- [ai-career-platform] [           main] o.f.c.internal.license.VersionPrinter    : 
2026-03-07T22:23:04.642+05:30  INFO 21248 --- [ai-career-platform] [           main] org.flywaydb.core.FlywayExecutor         : Database: jdbc:postgresql://localhost:5432/ai_career_platform (PostgreSQL 18.3)
2026-03-07T22:23:04.646+05:30  WARN 21248 --- [ai-career-platform] [           main] o.f.c.internal.database.base.Database    : Flyway upgrade recommended: PostgreSQL 18.3 is newer than this version of Flyway and support has not been tested. The latest supported version of PostgreSQL is 15.
2026-03-07T22:23:04.668+05:30  INFO 21248 --- [ai-career-platform] [           main] o.f.core.internal.command.DbValidate     : Successfully validated 2 migrations (execution time 00:00.016s)
2026-03-07T22:23:04.706+05:30  INFO 21248 --- [ai-career-platform] [           main] o.f.core.internal.command.DbMigrate      : Current version of schema "public": 2
2026-03-07T22:23:04.709+05:30  INFO 21248 --- [ai-career-platform] [           main] o.f.core.internal.command.DbMigrate      : Schema "public" is up to date. No migration necessary.
2026-03-07T22:23:04.784+05:30  INFO 21248 --- [ai-career-platform] [           main] o.hibernate.jpa.internal.util.LogHelper  : HHH000204: Processing PersistenceUnitInfo [name: default]
2026-03-07T22:23:04.849+05:30  INFO 21248 --- [ai-career-platform] [           main] org.hibernate.Version                    : HHH000412: Hibernate ORM core version 6.4.4.Final
2026-03-07T22:23:04.879+05:30  INFO 21248 --- [ai-career-platform] [           main] o.h.c.internal.RegionFactoryInitiator    : HHH000026: Second-level cache disabled
2026-03-07T22:23:05.052+05:30  INFO 21248 --- [ai-career-platform] [           main] o.s.o.j.p.SpringPersistenceUnitInfo      : No LoadTimeWeaver setup: ignoring JPA class transformer
2026-03-07T22:23:05.105+05:30  WARN 21248 --- [ai-career-platform] [           main] org.hibernate.orm.deprecation            : HHH90000025: PostgreSQLDialect does not need to be specified explicitly using 'hibernate.dialect' (remove the property setting and it will be selected by default)
2026-03-07T22:23:06.115+05:30  INFO 21248 --- [ai-career-platform] [           main] o.h.e.t.j.p.i.JtaPlatformInitiator       : HHH000489: No JTA platform available (set 'hibernate.transaction.jta.platform' to enable JTA platform integration)
2026-03-07T22:23:06.118+05:30  INFO 21248 --- [ai-career-platform] [           main] j.LocalContainerEntityManagerFactoryBean : Initialized JPA EntityManagerFactory for persistence unit 'default'
2026-03-07T22:23:06.415+05:30 DEBUG 21248 --- [ai-career-platform] [           main] com.aicareer.security.JwtAuthFilter      : Filter 'jwtAuthFilter' configured for use
2026-03-07T22:23:06.474+05:30  INFO 21248 --- [ai-career-platform] [           main] o.s.d.j.r.query.QueryEnhancerFactory     : Hibernate is in classpath; If applicable, HQL parser will be used.
2026-03-07T22:23:07.569+05:30  WARN 21248 --- [ai-career-platform] [           main] JpaBaseConfiguration$JpaWebConfiguration : spring.jpa.open-in-view is enabled by default. Therefore, database queries may be performed during view rendering. Explicitly configure spring.jpa.open-in-view to disable this warning
2026-03-07T22:23:07.989+05:30  INFO 21248 --- [ai-career-platform] [           main] o.s.b.a.e.web.EndpointLinksResolver      : Exposing 3 endpoint(s) beneath base path '/actuator'
2026-03-07T22:23:08.144+05:30  INFO 21248 --- [ai-career-platform] [           main] o.s.s.web.DefaultSecurityFilterChain     : Will secure any request with [org.springframework.security.web.session.DisableEncodeUrlFilter@6c764331, org.springframework.security.web.context.request.async.WebAsyncManagerIntegrationFilter@2f6bf9fb, org.springframework.security.web.context.SecurityContextHolderFilter@3feefdcc, org.springframework.security.web.header.HeaderWriterFilter@e06bc9f, org.springframework.web.filter.CorsFilter@296b208a, org.springframework.security.web.authentication.logout.LogoutFilter@736e4a59, org.springframework.security.oauth2.client.web.OAuth2AuthorizationRequestRedirectFilter@29d1be6e, org.springframework.security.oauth2.client.web.OAuth2LoginAuthenticationFilter@70b14988, com.aicareer.security.JwtAuthFilter@18f919ce, org.springframework.security.web.savedrequest.RequestCacheAwareFilter@46441754, org.springframework.security.web.servletapi.SecurityContextHolderAwareRequestFilter@71498a88, org.springframework.security.web.authentication.AnonymousAuthenticationFilter@53e6f464, org.springframework.security.web.session.SessionManagementFilter@6061d185, org.springframework.security.web.access.ExceptionTranslationFilter@3b44d50b, org.springframework.security.web.access.intercept.AuthorizationFilter@25cd6dc5]
2026-03-07T22:23:08.751+05:30  WARN 21248 --- [ai-career-platform] [           main] ConfigServletWebServerApplicationContext : Exception encountered during context initialization - cancelling refresh attempt: org.springframework.context.ApplicationContextException: Failed to start bean 'webServerStartStop'
2026-03-07T22:23:08.754+05:30  INFO 21248 --- [ai-career-platform] [           main] j.LocalContainerEntityManagerFactoryBean : Closing JPA EntityManagerFactory for persistence unit 'default'
2026-03-07T22:23:08.758+05:30  INFO 21248 --- [ai-career-platform] [           main] com.zaxxer.hikari.HikariDataSource       : HikariPool-1 - Shutdown initiated...
2026-03-07T22:23:08.761+05:30  INFO 21248 --- [ai-career-platform] [           main] com.zaxxer.hikari.HikariDataSource       : HikariPool-1 - Shutdown completed.
2026-03-07T22:23:08.780+05:30  INFO 21248 --- [ai-career-platform] [           main] .s.b.a.l.ConditionEvaluationReportLogger : 

Error starting ApplicationContext. To display the condition evaluation report re-run your application with 'debug' enabled.
2026-03-07T22:23:08.801+05:30 ERROR 21248 --- [ai-career-platform] [           main] o.s.b.d.LoggingFailureAnalysisReporter   : 

***************************
APPLICATION FAILED TO START
***************************

Description:

Web server failed to start. Port 8080 was already in use.

Action:

Identify and stop the process that's listening on port 8080 or configure this application to listen on another port.

[INFO] ------------------------------------------------------------------------
[INFO] BUILD FAILURE
[INFO] ------------------------------------------------------------------------
[INFO] Total time:  12.775 s
[INFO] Finished at: 2026-03-07T22:23:08+05:30
[INFO] ------------------------------------------------------------------------
[ERROR] Failed to execute goal org.springframework.boot:spring-boot-maven-plugin:3.2.3:run (default-cli) on project ai-career-platform: Process terminated with exit code: 1 -> [Help 1]
[ERROR] 
[ERROR] To see the full stack trace of the errors, re-run Maven with the -e switch.
[ERROR] Re-run Maven using the -X switch to enable full debug logging.
[ERROR] 
[ERROR] For more information about the errors and possible solutions, please read the following articles:
[ERROR] [Help 1] http://cwiki.apache.org/confluence/display/MAVEN/MojoExecutionException
